2012-08-13 13:46:02,213 INFO  [DefaultSolver] Solving started: time spend (49), score (null), new best score (null), random seed (0). 
2012-08-13 13:46:02,276 DEBUG [DefaultGreedyFitSolverPhase]     Step index (0), time spend (113), score (-1hard/-83soft), initialized planning entity (name: job@7@7, assigned: not-assigned:0@0, time:730869764, priority: 83
[not-assigned:0, soa40-Win2k8-x86_64:0]

). 
2012-08-13 13:46:02,306 DEBUG [DefaultGreedyFitSolverPhase]     Step index (1), time spend (143), score (-2hard/-108soft), initialized planning entity (name: job@15@15, assigned: not-assigned:0@0, time:670311209, priority: 24
[not-assigned:0, dev88-rhel6-x86_64:0]

). 
2012-08-13 13:46:02,338 DEBUG [DefaultGreedyFitSolverPhase]     Step index (2), time spend (175), score (-3hard/-208soft), initialized planning entity (name: job@13@13, assigned: not-assigned:0@0, time:739856544, priority: 99
[dsp39-Win2k8-x86:0, not-assigned:0]

). 
2012-08-13 13:46:02,372 DEBUG [DefaultGreedyFitSolverPhase]     Step index (3), time spend (209), score (-3hard/-209soft), initialized planning entity (name: job@12@12, assigned: soa39-Win2k3-x86_64:1@0, time:635326993, priority: 54
[not-assigned:0, soa39-Win2k3-x86_64:1]

). 
2012-08-13 13:46:02,407 DEBUG [DefaultGreedyFitSolverPhase]     Step index (4), time spend (244), score (-3hard/-210soft), initialized planning entity (name: job@10@10, assigned: vmg58-rhel6-x86_64:1@0, time:674120611, priority: 70
[not-assigned:0, vmg58-rhel6-x86_64:1]

). 
2012-08-13 13:46:02,444 DEBUG [DefaultGreedyFitSolverPhase]     Step index (5), time spend (281), score (-3hard/-211soft), initialized planning entity (name: job@9@9, assigned: dsp86-rhel5-x86:1@0, time:859611004, priority: 87
[dsp86-rhel5-x86:1, dev04-rhel6-x86_64:0, not-assigned:0]

). 
2012-08-13 13:46:02,479 DEBUG [DefaultGreedyFitSolverPhase]     Step index (6), time spend (316), score (-4hard/-296soft), initialized planning entity (name: job@2@2, assigned: not-assigned:0@0, time:756572632, priority: 84
[not-assigned:0, soa40-Win2k8-x86_64:0, vmg28-rhel5-x86:0]

). 
2012-08-13 13:46:02,522 DEBUG [DefaultGreedyFitSolverPhase]     Step index (7), time spend (359), score (-4hard/-297soft), initialized planning entity (name: job@11@11, assigned: dsp74-solaris10-x86_64:1@0, time:768878403, priority: 66
[not-assigned:0, dsp74-solaris10-x86_64:1, vmg28-rhel5-x86:0]

). 
2012-08-13 13:46:02,561 DEBUG [DefaultGreedyFitSolverPhase]     Step index (8), time spend (398), score (-4hard/-298soft), initialized planning entity (name: job@8@8, assigned: dev59-rhel5-x86_64:1@0, time:838467330, priority: 50
[dev17-Win2k8-x86:0, not-assigned:0, dev59-rhel5-x86_64:1, dev93-Win2k3-x86:1]

). 
2012-08-13 13:46:02,604 DEBUG [DefaultGreedyFitSolverPhase]     Step index (9), time spend (441), score (-5hard/-302soft), initialized planning entity (name: job@4@4, assigned: not-assigned:0@0, time:644517043, priority: 3
[dev04-rhel6-x86_64:0, not-assigned:0, soa40-Win2k8-x86_64:0, soa39-Win2k3-x86_64:1]

). 
2012-08-13 13:46:02,653 DEBUG [DefaultGreedyFitSolverPhase]     Step index (10), time spend (490), score (-6hard/-394soft), initialized planning entity (name: job@5@5, assigned: not-assigned:0@0, time:842715533, priority: 91
[dsp39-Win2k8-x86:0, dev17-Win2k8-x86:0, not-assigned:0, dev59-rhel5-x86_64:1, vmg25-solaris10-x86_64:0]

). 
2012-08-13 13:46:02,700 DEBUG [DefaultGreedyFitSolverPhase]     Step index (11), time spend (537), score (-6hard/-395soft), initialized planning entity (name: job@3@3, assigned: soa13-Win2k3-x86:1@0, time:661852373, priority: 51
[not-assigned:0, soa13-Win2k3-x86:1, dsp74-solaris10-x86_64:1, vmg28-rhel5-x86:0, vmg95-solaris10-sparc:0]

). 
2012-08-13 13:46:02,749 DEBUG [DefaultGreedyFitSolverPhase]     Step index (12), time spend (586), score (-6hard/-396soft), initialized planning entity (name: job@14@14, assigned: dsp93-Win2k8-x86_64:1@0, time:780866850, priority: 20
[dsp39-Win2k8-x86:0, dsp93-Win2k8-x86_64:1, not-assigned:0, dev59-rhel5-x86_64:1, vmg95-solaris10-sparc:0]

). 
2012-08-13 13:46:02,801 DEBUG [DefaultGreedyFitSolverPhase]     Step index (13), time spend (638), score (-6hard/-397soft), initialized planning entity (name: job@6@6, assigned: dev93-Win2k3-x86:1@0, time:775714634, priority: 44
[dev04-rhel6-x86_64:0, dsp93-Win2k8-x86_64:1, not-assigned:0, soa39-Win2k3-x86_64:1, dev93-Win2k3-x86:1, dev88-rhel6-x86_64:0]

). 
2012-08-13 13:46:02,848 DEBUG [DefaultGreedyFitSolverPhase]     Step index (14), time spend (685), score (-6hard/-398soft), initialized planning entity (name: job@1@1, assigned: vmg77-Win2k3-x86_64:1@0, time:757752437, priority: 17
[dsp39-Win2k8-x86:0, dsp93-Win2k8-x86_64:1, not-assigned:0, vmg58-rhel6-x86_64:1, dsp74-solaris10-x86_64:1, vmg77-Win2k3-x86_64:1]

). 
2012-08-13 13:46:02,848 INFO  [DefaultGreedyFitSolverPhase] Phase constructionHeuristic ended: step total (15), time spend (685), best score (-6hard/-398soft). 
2012-08-13 13:46:03,410 DEBUG [DefaultLocalSearchSolverPhase]     Step index (0), time spend (1247), score (-6hard/-360soft), new best score (-6hard/-360soft), accepted move size (4) for picked step (name: job@5@5, assigned: not-assigned:0@0, time:842715533, priority: 91
[dsp39-Win2k8-x86:0, dev17-Win2k8-x86:0, not-assigned:0, dev59-rhel5-x86_64:1, vmg25-solaris10-x86_64:0]

 <=> name: job@8@8, assigned: dev59-rhel5-x86_64:1@0, time:838467330, priority: 50
[dev17-Win2k8-x86:0, not-assigned:0, dev59-rhel5-x86_64:1, dev93-Win2k3-x86:1]

). 
2012-08-13 13:46:03,585 DEBUG [DefaultLocalSearchSolverPhase]     Step index (1), time spend (1422), score (-6hard/-351soft), new best score (-6hard/-351soft), accepted move size (1) for picked step (name: job@6@6, assigned: dev93-Win2k3-x86:1@0, time:775714634, priority: 44
[dev04-rhel6-x86_64:0, dsp93-Win2k8-x86_64:1, not-assigned:0, soa39-Win2k3-x86_64:1, dev93-Win2k3-x86:1, dev88-rhel6-x86_64:0]

 <=> name: job@8@8, assigned: not-assigned:0@0, time:838467330, priority: 50
[dev17-Win2k8-x86:0, not-assigned:0, dev59-rhel5-x86_64:1, dev93-Win2k3-x86:1]

). 
2012-08-13 13:46:03,646 DEBUG [DefaultLocalSearchSolverPhase]     Step index (2), time spend (1483), score (-6hard/-328soft), new best score (-6hard/-328soft), accepted move size (2) for picked step (name: job@6@6, assigned: not-assigned:0@0, time:775714634, priority: 44
[dev04-rhel6-x86_64:0, dsp93-Win2k8-x86_64:1, not-assigned:0, soa39-Win2k3-x86_64:1, dev93-Win2k3-x86:1, dev88-rhel6-x86_64:0]

 <=> name: job@14@14, assigned: dsp93-Win2k8-x86_64:1@0, time:780866850, priority: 20
[dsp39-Win2k8-x86:0, dsp93-Win2k8-x86_64:1, not-assigned:0, dev59-rhel5-x86_64:1, vmg95-solaris10-sparc:0]

). 
2012-08-13 13:46:04,070 DEBUG [DefaultLocalSearchSolverPhase]     Step index (3), time spend (1907), score (-7hard/-379soft),     best score (-6hard/-328soft), accepted move size (2) for picked step (name: job@3@3, assigned: soa13-Win2k3-x86:1@0, time:661852373, priority: 51
[not-assigned:0, soa13-Win2k3-x86:1, dsp74-solaris10-x86_64:1, vmg28-rhel5-x86:0, vmg95-solaris10-sparc:0]

 => not-assigned:0@0). 
2012-08-13 13:46:04,329 DEBUG [DefaultLocalSearchSolverPhase]     Step index (4), time spend (2166), score (-7hard/-432soft),     best score (-6hard/-328soft), accepted move size (4) for picked step (name: job@4@4, assigned: not-assigned:0@0, time:644517043, priority: 3
[dev04-rhel6-x86_64:0, not-assigned:0, soa40-Win2k8-x86_64:0, soa39-Win2k3-x86_64:1]

 <=> name: job@12@12, assigned: soa39-Win2k3-x86_64:1@0, time:635326993, priority: 54
[not-assigned:0, soa39-Win2k3-x86_64:1]

). 
2012-08-13 13:46:04,567 DEBUG [DefaultLocalSearchSolverPhase]     Step index (5), time spend (2404), score (-8hard/-498soft),     best score (-6hard/-328soft), accepted move size (4) for picked step (name: job@11@11, assigned: dsp74-solaris10-x86_64:1@0, time:768878403, priority: 66
[not-assigned:0, dsp74-solaris10-x86_64:1, vmg28-rhel5-x86:0]

 => not-assigned:0@0). 
2012-08-13 13:46:04,807 DEBUG [DefaultLocalSearchSolverPhase]     Step index (6), time spend (2644), score (-8hard/-501soft),     best score (-6hard/-328soft), accepted move size (1) for picked step (name: job@1@1, assigned: vmg77-Win2k3-x86_64:1@0, time:757752437, priority: 17
[dsp39-Win2k8-x86:0, dsp93-Win2k8-x86_64:1, not-assigned:0, vmg58-rhel6-x86_64:1, dsp74-solaris10-x86_64:1, vmg77-Win2k3-x86_64:1]

 => dsp74-solaris10-x86_64:1@0). 
2012-08-13 13:46:05,090 DEBUG [DefaultLocalSearchSolverPhase]     Step index (7), time spend (2927), score (-8hard/-525soft),     best score (-6hard/-328soft), accepted move size (4) for picked step (name: job@6@6, assigned: dsp93-Win2k8-x86_64:1@0, time:775714634, priority: 44
[dev04-rhel6-x86_64:0, dsp93-Win2k8-x86_64:1, not-assigned:0, soa39-Win2k3-x86_64:1, dev93-Win2k3-x86:1, dev88-rhel6-x86_64:0]

 <=> name: job@14@14, assigned: not-assigned:0@0, time:780866850, priority: 20
[dsp39-Win2k8-x86:0, dsp93-Win2k8-x86_64:1, not-assigned:0, dev59-rhel5-x86_64:1, vmg95-solaris10-sparc:0]

). 
2012-08-13 13:46:05,260 DEBUG [DefaultLocalSearchSolverPhase]     Step index (8), time spend (3097), score (-7hard/-473soft),     best score (-6hard/-328soft), accepted move size (1) for picked step (name: job@3@3, assigned: not-assigned:0@0, time:661852373, priority: 51
[not-assigned:0, soa13-Win2k3-x86:1, dsp74-solaris10-x86_64:1, vmg28-rhel5-x86:0, vmg95-solaris10-sparc:0]

 => soa13-Win2k3-x86:1@0). 
2012-08-13 13:46:05,424 DEBUG [DefaultLocalSearchSolverPhase]     Step index (9), time spend (3261), score (-7hard/-420soft),     best score (-6hard/-328soft), accepted move size (3) for picked step (name: job@4@4, assigned: soa39-Win2k3-x86_64:1@0, time:644517043, priority: 3
[dev04-rhel6-x86_64:0, not-assigned:0, soa40-Win2k8-x86_64:0, soa39-Win2k3-x86_64:1]

 <=> name: job@12@12, assigned: not-assigned:0@0, time:635326993, priority: 54
[not-assigned:0, soa39-Win2k3-x86_64:1]

). 
2012-08-13 13:46:05,593 WARN  [DefaultLocalSearchSolverPhase]     Cancelled step index (10), time spend (3429): there is no doable move. Terminating phase early. 
2012-08-13 13:46:05,593 INFO  [DefaultLocalSearchSolverPhase] Phase localSearch ended: step total (10), time spend (3430), best score (-6hard/-328soft). 
2012-08-13 13:46:05,593 INFO  [DefaultSolver] Solving ended: time spend (3430), best score (-6hard/-328soft), average calculate count per second (1432). 
2012-08-13 13:46:07,168 INFO  [DefaultSolver] Solving started: time spend (1), score (-6hard/-328soft), new best score (-6hard/-328soft), random seed (0). 
2012-08-13 13:46:07,168 INFO  [DefaultSolver] Solving ended: time spend (2), best score (-6hard/-328soft), average calculate count per second (500). 
2012-08-13 13:46:07,171 DEBUG [DefaultSolver]     Done ProblemFactChange: new score (-3hard/-176soft). 
2012-08-13 13:46:07,171 INFO  [DefaultSolver] Done 1 ProblemFactChange(s): new score (-3hard/-176soft) possibly uninitialized. Restarting solver. 
2012-08-13 13:46:07,172 INFO  [DefaultSolver] Solving started: time spend (0), score (null), new best score (null), random seed (0). 
2012-08-13 13:46:07,180 DEBUG [DefaultGreedyFitSolverPhase]     Step index (0), time spend (8), score (-503hard/-177soft), initialized planning entity (name: job@1@1, assigned: dsp93-Win2k8-x86_64:1@0, time:757757448, priority: 17
[dsp39-Win2k8-x86:0, dsp93-Win2k8-x86_64:1]

). 
2012-08-13 13:46:07,180 INFO  [DefaultGreedyFitSolverPhase] Phase constructionHeuristic ended: step total (1), time spend (8), best score (-503hard/-177soft). 
2012-08-13 13:46:07,220 DEBUG [DefaultLocalSearchSolverPhase]     Step index (0), time spend (48), score (-3hard/-179soft), new best score (-3hard/-179soft), accepted move size (1) for picked step (name: job@6@6, assigned: dsp93-Win2k8-x86_64:1@0, time:775719646, priority: 44
[dev04-rhel6-x86_64:0, dsp93-Win2k8-x86_64:1, soa39-Win2k3-x86_64:1, dev93-Win2k3-x86:1, dev88-rhel6-x86_64:0]

 => soa39-Win2k3-x86_64:1@0). 
2012-08-13 13:46:07,273 DEBUG [DefaultLocalSearchSolverPhase]     Step index (1), time spend (101), score (-3hard/-179soft),     best score (-3hard/-179soft), accepted move size (1) for picked step (name: job@3@3, assigned: soa13-Win2k3-x86:1@0, time:661857384, priority: 51
[soa13-Win2k3-x86:1, vmg95-solaris10-sparc:0, dsp74-solaris10-x86_64:1]

 => dsp74-solaris10-x86_64:1@0). 
2012-08-13 13:46:07,321 WARN  [DefaultLocalSearchSolverPhase]     Cancelled step index (2), time spend (149): there is no doable move. Terminating phase early. 
2012-08-13 13:46:07,321 INFO  [DefaultLocalSearchSolverPhase] Phase localSearch ended: step total (2), time spend (149), best score (-3hard/-179soft). 
2012-08-13 13:46:07,321 INFO  [DefaultSolver] Solving ended: time spend (149), best score (-3hard/-179soft), average calculate count per second (2832). 
2012-08-13 13:46:12,169 INFO  [BasicPlumbingTermination] Terminating solver early. 
2012-08-13 13:46:12,173 INFO  [DefaultSolver] Solving started: time spend (4), score (-3hard/-179soft), new best score (-3hard/-179soft), random seed (0). 
2012-08-13 13:46:12,173 INFO  [DefaultSolver] Solving ended: time spend (4), best score (-3hard/-179soft), average calculate count per second (250). 
